2019-03-08 10:00:43
<xml><ToUserName><![CDATA[gh_63a6c8c6aa21]]></ToUserName>
<FromUserName><![CDATA[oLJ3L5jgSkfPv76iVA-DeKo2rPEc]]></FromUserName>
<CreateTime>1550632122</CreateTime>
<MsgType><![CDATA[event]]></MsgType>
<Event><![CDATA[subscribe]]></Event>
<EventKey><![CDATA[]]></EventKey>
</xml>
<<<<<<<2019-03-08 10:02:15
<xml><ToUserName><![CDATA[gh_63a6c8c6aa21]]></ToUserName>
<FromUserName><![CDATA[oLJ3L5jgSkfPv76iVA-DeKo2rPEc]]></FromUserName>
<CreateTime>1550632122</CreateTime>
<MsgType><![CDATA[event]]></MsgType>
<Event><![CDATA[subscribe]]></Event>
<EventKey><![CDATA[]]></EventKey>
</xml>
<<<<<<<2019-03-08 10:04:28
<xml><ToUserName><![CDATA[gh_63a6c8c6aa21]]></ToUserName>
<FromUserName><![CDATA[oLJ3L5jgSkfPv76iVA-DeKo2rPEc]]></FromUserName>
<CreateTime>1550632122</CreateTime>
<MsgType><![CDATA[event]]></MsgType>
<Event><![CDATA[subscribe]]></Event>
<EventKey><![CDATA[]]></EventKey>
</xml>
<<<<<<<2019-03-08 10:07:59
<xml><ToUserName><![CDATA[gh_63a6c8c6aa21]]></ToUserName>
<FromUserName><![CDATA[oLJ3L5jgSkfPv76iVA-DeKo2rPEc]]></FromUserName>
<CreateTime>1550632122</CreateTime>
<MsgType><![CDATA[event]]></MsgType>
<Event><![CDATA[subscribe]]></Event>
<EventKey><![CDATA[]]></EventKey>
</xml>
<<<<<<<2019-03-08 10:08:22
<xml><ToUserName><![CDATA[gh_63a6c8c6aa21]]></ToUserName>
<FromUserName><![CDATA[oLJ3L5jgSkfPv76iVA-DeKo2rPEc]]></FromUserName>
<CreateTime>1550632122</CreateTime>
<MsgType><![CDATA[event]]></MsgType>
<Event><![CDATA[subscribe]]></Event>
<EventKey><![CDATA[]]></EventKey>
</xml>
<<<<<<<2019-03-08 10:09:22
<xml><ToUserName><![CDATA[gh_63a6c8c6aa21]]></ToUserName>
<FromUserName><![CDATA[oLJ3L5jgSkfPv76iVA-DeKo2rPEc]]></FromUserName>
<CreateTime>1550632122</CreateTime>
<MsgType><![CDATA[event]]></MsgType>
<Event><![CDATA[subscribe]]></Event>
<EventKey><![CDATA[]]></EventKey>
</xml>
<<<<<<<2019-03-08 10:09:59
<xml><ToUserName><![CDATA[gh_63a6c8c6aa21]]></ToUserName>
<FromUserName><![CDATA[oLJ3L5jgSkfPv76iVA-DeKo2rPEc]]></FromUserName>
<CreateTime>1550632122</CreateTime>
<MsgType><![CDATA[event]]></MsgType>
<Event><![CDATA[subscribe]]></Event>
<EventKey><![CDATA[]]></EventKey>
</xml>
<<<<<<<2019-03-08 10:10:50
<xml><ToUserName><![CDATA[gh_63a6c8c6aa21]]></ToUserName>
<FromUserName><![CDATA[oLJ3L5jgSkfPv76iVA-DeKo2rPEc]]></FromUserName>
<CreateTime>1550632122</CreateTime>
<MsgType><![CDATA[event]]></MsgType>
<Event><![CDATA[subscribe]]></Event>
<EventKey><![CDATA[]]></EventKey>
</xml>
<<<<<<<2019-03-08 10:12:29
<xml><ToUserName><![CDATA[gh_63a6c8c6aa21]]></ToUserName>
<FromUserName><![CDATA[oLJ3L5jgSkfPv76iVA-DeKo2rPEc]]></FromUserName>
<CreateTime>1550632122</CreateTime>
<MsgType><![CDATA[event]]></MsgType>
<Event><![CDATA[subscribe]]></Event>
<EventKey><![CDATA[]]></EventKey>
</xml>
<<<<<<<2019-03-08 10:14:48
<xml><ToUserName><![CDATA[gh_63a6c8c6aa21]]></ToUserName>
<FromUserName><![CDATA[oLJ3L5jgSkfPv76iVA-DeKo2rPEc]]></FromUserName>
<CreateTime>1550632122</CreateTime>
<MsgType><![CDATA[event]]></MsgType>
<Event><![CDATA[subscribe]]></Event>
<EventKey><![CDATA[]]></EventKey>
</xml>
<<<<<<<2019-03-08 10:15:11
<xml><ToUserName><![CDATA[gh_63a6c8c6aa21]]></ToUserName>
<FromUserName><![CDATA[oLJ3L5jgSkfPv76iVA-DeKo2rPEc]]></FromUserName>
<CreateTime>1550632122</CreateTime>
<MsgType><![CDATA[event]]></MsgType>
<Event><![CDATA[subscribe]]></Event>
<EventKey><![CDATA[]]></EventKey>
</xml>
<<<<<<<2019-03-08 10:16:37
<xml><ToUserName><![CDATA[gh_63a6c8c6aa21]]></ToUserName>
<FromUserName><![CDATA[oLJ3L5jgSkfPv76iVA-DeKo2rPEc]]></FromUserName>
<CreateTime>1550632122</CreateTime>
<MsgType><![CDATA[event]]></MsgType>
<Event><![CDATA[subscribe]]></Event>
<EventKey><![CDATA[]]></EventKey>
</xml>
<<<<<<<2019-03-08 10:17:27
<xml><ToUserName><![CDATA[gh_63a6c8c6aa21]]></ToUserName>
<FromUserName><![CDATA[oLJ3L5jgSkfPv76iVA-DeKo2rPEc]]></FromUserName>
<CreateTime>1550632122</CreateTime>
<MsgType><![CDATA[event]]></MsgType>
<Event><![CDATA[subscribe]]></Event>
<EventKey><![CDATA[]]></EventKey>
</xml>
<<<<<<<2019-03-08 10:18:42
<xml><ToUserName><![CDATA[gh_63a6c8c6aa21]]></ToUserName>
<FromUserName><![CDATA[oLJ3L5jgSkfPv76iVA-DeKo2rPEc]]></FromUserName>
<CreateTime>1550632122</CreateTime>
<MsgType><![CDATA[event]]></MsgType>
<Event><![CDATA[subscribe]]></Event>
<EventKey><![CDATA[]]></EventKey>
</xml>
<<<<<<<2019-03-08 10:19:45
<xml><ToUserName><![CDATA[gh_63a6c8c6aa21]]></ToUserName>
<FromUserName><![CDATA[oLJ3L5jgSkfPv76iVA-DeKo2rPEc]]></FromUserName>
<CreateTime>1550632122</CreateTime>
<MsgType><![CDATA[event]]></MsgType>
<Event><![CDATA[subscribe]]></Event>
<EventKey><![CDATA[]]></EventKey>
</xml>
<<<<<<<2019-03-08 10:21:13
<xml><ToUserName><![CDATA[gh_63a6c8c6aa21]]></ToUserName>
<FromUserName><![CDATA[oLJ3L5jgSkfPv76iVA-DeKo2rPEc]]></FromUserName>
<CreateTime>1550632122</CreateTime>
<MsgType><![CDATA[event]]></MsgType>
<Event><![CDATA[subscribe]]></Event>
<EventKey><![CDATA[]]></EventKey>
</xml>
<<<<<<<2019-03-08 10:23:44
<xml><ToUserName><![CDATA[gh_63a6c8c6aa21]]></ToUserName>
<FromUserName><![CDATA[oLJ3L5jgSkfPv76iVA-DeKo2rPEc]]></FromUserName>
<CreateTime>1550632122</CreateTime>
<MsgType><![CDATA[event]]></MsgType>
<Event><![CDATA[subscribe]]></Event>
<EventKey><![CDATA[]]></EventKey>
</xml>
<<<<<<<2019-03-08 10:25:29
<xml><ToUserName><![CDATA[gh_63a6c8c6aa21]]></ToUserName>
<FromUserName><![CDATA[oLJ3L5jgSkfPv76iVA-DeKo2rPEc]]></FromUserName>
<CreateTime>1550632122</CreateTime>
<MsgType><![CDATA[event]]></MsgType>
<Event><![CDATA[subscribe]]></Event>
<EventKey><![CDATA[]]></EventKey>
</xml>
<<<<<<<2019-03-08 10:28:15
<xml><ToUserName><![CDATA[gh_63a6c8c6aa21]]></ToUserName>
<FromUserName><![CDATA[oLJ3L5iYLENHBK1hkJv8ijkHPXF4]]></FromUserName>
<CreateTime>1551425199</CreateTime>
<MsgType><![CDATA[event]]></MsgType>
<Event><![CDATA[subscribe]]></Event>
<EventKey><![CDATA[]]></EventKey>
</xml>
<<<<<<<2019-03-08 10:29:26
<xml><ToUserName><![CDATA[gh_63a6c8c6aa21]]></ToUserName>
<FromUserName><![CDATA[oLJ3L5iYLENHBK1hkJv8ijkHPXF4]]></FromUserName>
<CreateTime>1551425199</CreateTime>
<MsgType><![CDATA[event]]></MsgType>
<Event><![CDATA[subscribe]]></Event>
<EventKey><![CDATA[]]></EventKey>
</xml>
<<<<<<<2019-03-08 10:31:53
<xml><ToUserName><![CDATA[gh_63a6c8c6aa21]]></ToUserName>
<FromUserName><![CDATA[oLJ3L5jgSkfPv76iVA-DeKo2rPEc]]></FromUserName>
<CreateTime>1550632122</CreateTime>
<MsgType><![CDATA[event]]></MsgType>
<Event><![CDATA[subscribe]]></Event>
<EventKey><![CDATA[]]></EventKey>
</xml>
<<<<<<<2019-03-08 11:41:11
<xml><ToUserName><![CDATA[gh_63a6c8c6aa21]]></ToUserName>
<FromUserName><![CDATA[oLJ3L5iYLENHBK1hkJv8ijkHPXF4]]></FromUserName>
<CreateTime>1551425199</CreateTime>
<MsgType><![CDATA[event]]></MsgType>
<Event><![CDATA[subscribe]]></Event>
 <EventKey><![CDATA[]]></EventKey>
</xml>
<<<<<<<2019-03-08 11:52:27
<xml><ToUserName><![CDATA[gh_63a6c8c6aa21]]></ToUserName>
<FromUserName><![CDATA[oLJ3L5jgSkfPv76iVA-DeKo2rPEc]]></FromUserName>
<CreateTime>1550632122</CreateTime>
<MsgType><![CDATA[event]]></MsgType>
<Event><![CDATA[subscribe]]></Event>
<EventKey><![CDATA[]]></EventKey>
</xml>
<<<<<<<